<?xml version="1.0" encoding="UTF-8"?>
<!-- Generated by org.testng.reporters.JUnitReportReporter -->
<testsuite hostname="Vinothini-PC" name="com.bluemeric.test.GenerateTest" tests="4" failures="0" timestamp="21 Mar 2016 15:46:09 GMT" time="0.112" errors="0">
  <testcase name="getTest" time="0.090" classname="com.bluemeric.test.GenerateTest"/>
  <testcase name="getTest" time="0.007" classname="com.bluemeric.test.GenerateTest"/>
  <testcase name="getTest" time="0.007" classname="com.bluemeric.test.GenerateTest"/>
  <testcase name="getTest" time="0.008" classname="com.bluemeric.test.GenerateTest"/>
</testsuite> <!-- com.bluemeric.test.GenerateTest -->
